::1 - - [16/Mar/2024:21:36:19 +0000] "GET / HTTP/1.1" 200 -
::1 - - [16/Mar/2024:21:36:20 +0000] "GET /css/product.css HTTP/1.1" 200 379
::1 - - [16/Mar/2024:21:36:20 +0000] "GET /css/main.css HTTP/1.1" 200 -
::1 - - [16/Mar/2024:21:36:20 +0000] "GET /images/img_un3less2.jpeg HTTP/1.1" 200 90675
::1 - - [16/Mar/2024:21:36:20 +0000] "GET /js/main.js HTTP/1.1" 200 519
::1 - - [16/Mar/2024:21:36:20 +0000] "GET /js/admin.js HTTP/1.1" 200 409
::1 - - [16/Mar/2024:21:36:20 +0000] "GET /images/WhatsApp%20Image%202023-11-12%20at%2012.26.33%20AM%20(1).jpeg HTTP/1.1" 200 492600
::1 - - [16/Mar/2024:21:36:36 +0000] "GET /favicon.ico HTTP/1.1" 404 -
::1 - - [16/Mar/2024:21:36:52 +0000] "GET /signup HTTP/1.1" 200 -
::1 - - [16/Mar/2024:21:36:52 +0000] "GET /css/main.css HTTP/1.1" 304 -
::1 - - [16/Mar/2024:21:36:52 +0000] "GET /js/main.js HTTP/1.1" 304 -
::1 - - [16/Mar/2024:21:36:52 +0000] "GET /css/forms.css HTTP/1.1" 200 423
::1 - - [16/Mar/2024:21:36:52 +0000] "GET /js/admin.js HTTP/1.1" 304 -
::1 - - [16/Mar/2024:21:36:52 +0000] "GET /css/auth.css HTTP/1.1" 200 84
::1 - - [16/Mar/2024:21:37:07 +0000] "POST /signup HTTP/1.1" 302 56
::1 - - [16/Mar/2024:21:37:07 +0000] "GET /login HTTP/1.1" 200 -
::1 - - [16/Mar/2024:21:37:07 +0000] "GET /css/main.css HTTP/1.1" 304 -
::1 - - [16/Mar/2024:21:37:07 +0000] "GET /css/forms.css HTTP/1.1" 304 -
::1 - - [16/Mar/2024:21:37:07 +0000] "GET /css/auth.css HTTP/1.1" 304 -
::1 - - [16/Mar/2024:21:37:07 +0000] "GET /js/main.js HTTP/1.1" 304 -
::1 - - [16/Mar/2024:21:37:07 +0000] "GET /js/admin.js HTTP/1.1" 304 -
::1 - - [16/Mar/2024:21:37:35 +0000] "GET /login HTTP/1.1" 200 -
::1 - - [16/Mar/2024:21:37:35 +0000] "GET /css/main.css HTTP/1.1" 304 -
::1 - - [16/Mar/2024:21:37:35 +0000] "GET /css/forms.css HTTP/1.1" 304 -
::1 - - [16/Mar/2024:21:37:35 +0000] "GET /css/auth.css HTTP/1.1" 304 -
::1 - - [16/Mar/2024:21:37:35 +0000] "GET /js/main.js HTTP/1.1" 304 -
::1 - - [16/Mar/2024:21:37:35 +0000] "GET /js/admin.js HTTP/1.1" 304 -
::1 - - [16/Mar/2024:21:37:38 +0000] "GET /reset HTTP/1.1" 200 -
::1 - - [16/Mar/2024:21:37:38 +0000] "GET /css/main.css HTTP/1.1" 304 -
::1 - - [16/Mar/2024:21:37:38 +0000] "GET /css/forms.css HTTP/1.1" 304 -
::1 - - [16/Mar/2024:21:37:38 +0000] "GET /css/auth.css HTTP/1.1" 304 -
::1 - - [16/Mar/2024:21:37:38 +0000] "GET /js/main.js HTTP/1.1" 304 -
::1 - - [16/Mar/2024:21:37:38 +0000] "GET /js/admin.js HTTP/1.1" 304 -
::1 - - [16/Mar/2024:21:37:42 +0000] "POST /reset HTTP/1.1" 302 46
::1 - - [16/Mar/2024:21:37:42 +0000] "GET / HTTP/1.1" 200 -
::1 - - [16/Mar/2024:21:37:42 +0000] "GET /css/main.css HTTP/1.1" 304 -
::1 - - [16/Mar/2024:21:37:42 +0000] "GET /css/product.css HTTP/1.1" 304 -
::1 - - [16/Mar/2024:21:37:42 +0000] "GET /js/main.js HTTP/1.1" 304 -
::1 - - [16/Mar/2024:21:37:42 +0000] "GET /js/admin.js HTTP/1.1" 304 -
::1 - - [16/Mar/2024:21:37:42 +0000] "GET /images/img_un3less2.jpeg HTTP/1.1" 304 -
::1 - - [16/Mar/2024:21:37:42 +0000] "GET /images/WhatsApp%20Image%202023-11-12%20at%2012.26.33%20AM%20(1).jpeg HTTP/1.1" 304 -
::1 - - [16/Mar/2024:21:38:03 +0000] "GET /reset/94ebdb0b3bb2fc2c30ff9b1846e3a89cf749c00748158dc6c2ffdc99a5da3fbf HTTP/1.1" 200 -
::1 - - [16/Mar/2024:21:38:03 +0000] "GET /reset/94ebdb0b3bb2fc2c30ff9b1846e3a89cf749c00748158dc6c2ffdc99a5da3fbf HTTP/1.1" 200 -
::1 - - [16/Mar/2024:21:38:03 +0000] "GET /css/main.css HTTP/1.1" 304 -
::1 - - [16/Mar/2024:21:38:03 +0000] "GET /css/forms.css HTTP/1.1" 304 -
::1 - - [16/Mar/2024:21:38:03 +0000] "GET /css/auth.css HTTP/1.1" 304 -
::1 - - [16/Mar/2024:21:38:03 +0000] "GET /js/main.js HTTP/1.1" 304 -
::1 - - [16/Mar/2024:21:38:03 +0000] "GET /js/admin.js HTTP/1.1" 304 -
::1 - - [16/Mar/2024:21:38:14 +0000] "POST /new-password HTTP/1.1" 302 56
::1 - - [16/Mar/2024:21:38:14 +0000] "GET /login HTTP/1.1" 200 -
::1 - - [16/Mar/2024:21:38:14 +0000] "GET /css/main.css HTTP/1.1" 304 -
::1 - - [16/Mar/2024:21:38:14 +0000] "GET /css/forms.css HTTP/1.1" 304 -
::1 - - [16/Mar/2024:21:38:14 +0000] "GET /js/main.js HTTP/1.1" 304 -
::1 - - [16/Mar/2024:21:38:14 +0000] "GET /js/admin.js HTTP/1.1" 304 -
::1 - - [16/Mar/2024:21:38:14 +0000] "GET /css/auth.css HTTP/1.1" 304 -
::1 - - [16/Mar/2024:21:38:22 +0000] "POST /login HTTP/1.1" 302 46
::1 - - [16/Mar/2024:21:38:23 +0000] "GET / HTTP/1.1" 200 -
::1 - - [16/Mar/2024:21:38:23 +0000] "GET /css/main.css HTTP/1.1" 304 -
::1 - - [16/Mar/2024:21:38:23 +0000] "GET /css/product.css HTTP/1.1" 304 -
::1 - - [16/Mar/2024:21:38:23 +0000] "GET /js/main.js HTTP/1.1" 304 -
::1 - - [16/Mar/2024:21:38:23 +0000] "GET /images/img_un3less2.jpeg HTTP/1.1" 304 -
::1 - - [16/Mar/2024:21:38:23 +0000] "GET /images/WhatsApp%20Image%202023-11-12%20at%2012.26.33%20AM%20(1).jpeg HTTP/1.1" 304 -
::1 - - [16/Mar/2024:21:38:23 +0000] "GET /js/admin.js HTTP/1.1" 304 -
